{"name":"hexo","hostname":"JasonMsbaby.local","pid":842,"level":20,"msg":"Hexo version: \u001b[35m3.2.2\u001b[39m","time":"2017-03-29T02:52:35.446Z","v":0}
{"name":"hexo","hostname":"JasonMsbaby.local","pid":842,"level":20,"msg":"Working directory: \u001b[35m~/hexo/\u001b[39m","time":"2017-03-29T02:52:35.449Z","v":0}
{"name":"hexo","hostname":"JasonMsbaby.local","pid":842,"level":20,"msg":"Config loaded: \u001b[35m~/hexo/_config.yml\u001b[39m","time":"2017-03-29T02:52:35.550Z","v":0}
{"name":"hexo","hostname":"JasonMsbaby.local","pid":842,"level":20,"msg":"Script loaded: \u001b[35mthemes/next/scripts/merge-configs.js\u001b[39m","time":"2017-03-29T02:52:35.565Z","v":0}
{"name":"hexo","hostname":"JasonMsbaby.local","pid":842,"level":20,"msg":"Script loaded: \u001b[35mthemes/next/scripts/tags/button.js\u001b[39m","time":"2017-03-29T02:52:35.566Z","v":0}
{"name":"hexo","hostname":"JasonMsbaby.local","pid":842,"level":20,"msg":"Script loaded: \u001b[35mthemes/next/scripts/merge.js\u001b[39m","time":"2017-03-29T02:52:35.570Z","v":0}
{"name":"hexo","hostname":"JasonMsbaby.local","pid":842,"level":20,"msg":"Script loaded: \u001b[35mthemes/next/scripts/tags/center-quote.js\u001b[39m","time":"2017-03-29T02:52:35.570Z","v":0}
{"name":"hexo","hostname":"JasonMsbaby.local","pid":842,"level":20,"msg":"Script loaded: \u001b[35mthemes/next/scripts/tags/exturl.js\u001b[39m","time":"2017-03-29T02:52:35.571Z","v":0}
{"name":"hexo","hostname":"JasonMsbaby.local","pid":842,"level":20,"msg":"Script loaded: \u001b[35mthemes/next/scripts/tags/full-image.js\u001b[39m","time":"2017-03-29T02:52:35.572Z","v":0}
{"name":"hexo","hostname":"JasonMsbaby.local","pid":842,"level":20,"msg":"Script loaded: \u001b[35mthemes/next/scripts/tags/group-pictures.js\u001b[39m","time":"2017-03-29T02:52:35.573Z","v":0}
{"name":"hexo","hostname":"JasonMsbaby.local","pid":842,"level":20,"msg":"Script loaded: \u001b[35mthemes/next/scripts/tags/note.js\u001b[39m","time":"2017-03-29T02:52:35.573Z","v":0}
{"name":"hexo","hostname":"JasonMsbaby.local","pid":842,"level":20,"msg":"Plugin loaded: \u001b[35mhexo-deployer-git\u001b[39m","time":"2017-03-29T02:52:35.575Z","v":0}
{"name":"hexo","hostname":"JasonMsbaby.local","pid":842,"level":20,"msg":"Plugin loaded: \u001b[35mhexo-generator-archive\u001b[39m","time":"2017-03-29T02:52:35.577Z","v":0}
{"name":"hexo","hostname":"JasonMsbaby.local","pid":842,"level":20,"msg":"Plugin loaded: \u001b[35mhexo-generator-category\u001b[39m","time":"2017-03-29T02:52:35.578Z","v":0}
{"name":"hexo","hostname":"JasonMsbaby.local","pid":842,"level":20,"msg":"Plugin loaded: \u001b[35mhexo-generator-index\u001b[39m","time":"2017-03-29T02:52:35.583Z","v":0}
{"name":"hexo","hostname":"JasonMsbaby.local","pid":842,"level":20,"msg":"Plugin loaded: \u001b[35mhexo-generator-tag\u001b[39m","time":"2017-03-29T02:52:35.587Z","v":0}
{"name":"hexo","hostname":"JasonMsbaby.local","pid":842,"level":20,"msg":"Plugin loaded: \u001b[35mhexo-renderer-ejs\u001b[39m","time":"2017-03-29T02:52:35.591Z","v":0}
{"name":"hexo","hostname":"JasonMsbaby.local","pid":842,"level":20,"msg":"Plugin loaded: \u001b[35mhexo-renderer-marked\u001b[39m","time":"2017-03-29T02:52:35.596Z","v":0}
{"name":"hexo","hostname":"JasonMsbaby.local","pid":842,"level":20,"msg":"Plugin loaded: \u001b[35mhexo-renderer-stylus\u001b[39m","time":"2017-03-29T02:52:35.597Z","v":0}
{"name":"hexo","hostname":"JasonMsbaby.local","pid":842,"level":20,"msg":"Plugin loaded: \u001b[35mhexo-server\u001b[39m","time":"2017-03-29T02:52:35.673Z","v":0}
{"name":"hexo","hostname":"JasonMsbaby.local","pid":842,"level":20,"msg":"Loading database.","time":"2017-03-29T02:52:35.683Z","v":0}
{"name":"hexo","hostname":"JasonMsbaby.local","pid":842,"level":30,"msg":"Start processing","time":"2017-03-29T02:52:35.701Z","v":0}
{"name":"hexo","hostname":"JasonMsbaby.local","pid":842,"level":20,"msg":"Theme config loaded.","time":"2017-03-29T02:52:35.857Z","v":0}
{"name":"hexo","hostname":"JasonMsbaby.local","pid":842,"level":20,"msg":"Processed: \u001b[35m_config.yml\u001b[39m","time":"2017-03-29T02:52:35.858Z","v":0}
{"name":"hexo","hostname":"JasonMsbaby.local","pid":842,"level":20,"msg":"Processed: \u001b[35msource/css/main.styl\u001b[39m","time":"2017-03-29T02:52:35.869Z","v":0}
{"name":"hexo","hostname":"JasonMsbaby.local","pid":842,"level":20,"msg":"Processed: \u001b[35msource/images/avatar.gif\u001b[39m","time":"2017-03-29T02:52:35.882Z","v":0}
{"name":"hexo","hostname":"JasonMsbaby.local","pid":842,"level":20,"msg":"Processed: \u001b[35msource/images/cc-by-nc-nd.svg\u001b[39m","time":"2017-03-29T02:52:35.883Z","v":0}
{"name":"hexo","hostname":"JasonMsbaby.local","pid":842,"level":20,"msg":"Processed: \u001b[35msource/images/algolia_logo.svg\u001b[39m","time":"2017-03-29T02:52:35.884Z","v":0}
{"name":"hexo","hostname":"JasonMsbaby.local","pid":842,"level":20,"msg":"Processed: \u001b[35msource/images/cc-by-nc-sa.svg\u001b[39m","time":"2017-03-29T02:52:35.887Z","v":0}
{"name":"hexo","hostname":"JasonMsbaby.local","pid":842,"level":20,"msg":"Processed: \u001b[35msource/images/cc-by-nd.svg\u001b[39m","time":"2017-03-29T02:52:35.887Z","v":0}
{"name":"hexo","hostname":"JasonMsbaby.local","pid":842,"level":20,"msg":"Processed: \u001b[35msource/images/cc-by.svg\u001b[39m","time":"2017-03-29T02:52:35.888Z","v":0}
{"name":"hexo","hostname":"JasonMsbaby.local","pid":842,"level":20,"msg":"Processed: \u001b[35msource/images/cc-by-sa.svg\u001b[39m","time":"2017-03-29T02:52:35.890Z","v":0}
{"name":"hexo","hostname":"JasonMsbaby.local","pid":842,"level":20,"msg":"Processed: \u001b[35msource/images/cc-by-nc.svg\u001b[39m","time":"2017-03-29T02:52:35.891Z","v":0}
{"name":"hexo","hostname":"JasonMsbaby.local","pid":842,"level":20,"msg":"Processed: \u001b[35msource/images/loading.gif\u001b[39m","time":"2017-03-29T02:52:35.893Z","v":0}
{"name":"hexo","hostname":"JasonMsbaby.local","pid":842,"level":20,"msg":"Processed: \u001b[35msource/images/quote-l.svg\u001b[39m","time":"2017-03-29T02:52:35.893Z","v":0}
{"name":"hexo","hostname":"JasonMsbaby.local","pid":842,"level":20,"msg":"Processed: \u001b[35msource/images/placeholder.gif\u001b[39m","time":"2017-03-29T02:52:35.894Z","v":0}
{"name":"hexo","hostname":"JasonMsbaby.local","pid":842,"level":20,"msg":"Processed: \u001b[35msource/images/cc-zero.svg\u001b[39m","time":"2017-03-29T02:52:35.895Z","v":0}
{"name":"hexo","hostname":"JasonMsbaby.local","pid":842,"level":20,"msg":"Processed: \u001b[35msource/images/quote-r.svg\u001b[39m","time":"2017-03-29T02:52:35.895Z","v":0}
{"name":"hexo","hostname":"JasonMsbaby.local","pid":842,"level":20,"msg":"Processed: \u001b[35msource/images/searchicon.png\u001b[39m","time":"2017-03-29T02:52:35.896Z","v":0}
{"name":"hexo","hostname":"JasonMsbaby.local","pid":842,"level":20,"msg":"Processed: \u001b[35mlayout/_layout.swig\u001b[39m","time":"2017-03-29T02:52:36.148Z","v":0}
{"name":"hexo","hostname":"JasonMsbaby.local","pid":842,"level":20,"msg":"Processed: \u001b[35mlayout/archive.swig\u001b[39m","time":"2017-03-29T02:52:36.148Z","v":0}
{"name":"hexo","hostname":"JasonMsbaby.local","pid":842,"level":20,"msg":"Processed: \u001b[35mlayout/category.swig\u001b[39m","time":"2017-03-29T02:52:36.148Z","v":0}
{"name":"hexo","hostname":"JasonMsbaby.local","pid":842,"level":20,"msg":"Processed: \u001b[35mlayout/index.swig\u001b[39m","time":"2017-03-29T02:52:36.148Z","v":0}
{"name":"hexo","hostname":"JasonMsbaby.local","pid":842,"level":20,"msg":"Processed: \u001b[35mlayout/page.swig\u001b[39m","time":"2017-03-29T02:52:36.148Z","v":0}
{"name":"hexo","hostname":"JasonMsbaby.local","pid":842,"level":20,"msg":"Processed: \u001b[35mlayout/post.swig\u001b[39m","time":"2017-03-29T02:52:36.148Z","v":0}
{"name":"hexo","hostname":"JasonMsbaby.local","pid":842,"level":20,"msg":"Processed: \u001b[35mlayout/schedule.swig\u001b[39m","time":"2017-03-29T02:52:36.149Z","v":0}
{"name":"hexo","hostname":"JasonMsbaby.local","pid":842,"level":20,"msg":"Processed: \u001b[35mlayout/tag.swig\u001b[39m","time":"2017-03-29T02:52:36.149Z","v":0}
{"name":"hexo","hostname":"JasonMsbaby.local","pid":842,"level":20,"msg":"Processed: \u001b[35m_posts/hello-world.md\u001b[39m","time":"2017-03-29T02:52:36.160Z","v":0}
{"name":"hexo","hostname":"JasonMsbaby.local","pid":842,"level":20,"msg":"Processed: \u001b[35mlanguages/de.yml\u001b[39m","time":"2017-03-29T02:52:36.160Z","v":0}
{"name":"hexo","hostname":"JasonMsbaby.local","pid":842,"level":20,"msg":"Processed: \u001b[35mlanguages/default.yml\u001b[39m","time":"2017-03-29T02:52:36.161Z","v":0}
{"name":"hexo","hostname":"JasonMsbaby.local","pid":842,"level":20,"msg":"Processed: \u001b[35mlanguages/en.yml\u001b[39m","time":"2017-03-29T02:52:36.161Z","v":0}
{"name":"hexo","hostname":"JasonMsbaby.local","pid":842,"level":20,"msg":"Processed: \u001b[35mlanguages/fr-FR.yml\u001b[39m","time":"2017-03-29T02:52:36.161Z","v":0}
{"name":"hexo","hostname":"JasonMsbaby.local","pid":842,"level":20,"msg":"Processed: \u001b[35mlanguages/pt-BR.yml\u001b[39m","time":"2017-03-29T02:52:36.161Z","v":0}
{"name":"hexo","hostname":"JasonMsbaby.local","pid":842,"level":20,"msg":"Processed: \u001b[35mlanguages/id.yml\u001b[39m","time":"2017-03-29T02:52:36.161Z","v":0}
{"name":"hexo","hostname":"JasonMsbaby.local","pid":842,"level":20,"msg":"Processed: \u001b[35mlanguages/ja.yml\u001b[39m","time":"2017-03-29T02:52:36.161Z","v":0}
{"name":"hexo","hostname":"JasonMsbaby.local","pid":842,"level":20,"msg":"Processed: \u001b[35mlanguages/zh-Hans.yml\u001b[39m","time":"2017-03-29T02:52:36.161Z","v":0}
{"name":"hexo","hostname":"JasonMsbaby.local","pid":842,"level":20,"msg":"Processed: \u001b[35mlanguages/pt.yml\u001b[39m","time":"2017-03-29T02:52:36.161Z","v":0}
{"name":"hexo","hostname":"JasonMsbaby.local","pid":842,"level":20,"msg":"Processed: \u001b[35mlanguages/ko.yml\u001b[39m","time":"2017-03-29T02:52:36.162Z","v":0}
{"name":"hexo","hostname":"JasonMsbaby.local","pid":842,"level":20,"msg":"Processed: \u001b[35mlanguages/ru.yml\u001b[39m","time":"2017-03-29T02:52:36.162Z","v":0}
{"name":"hexo","hostname":"JasonMsbaby.local","pid":842,"level":20,"msg":"Processed: \u001b[35mlanguages/zh-hk.yml\u001b[39m","time":"2017-03-29T02:52:36.162Z","v":0}
{"name":"hexo","hostname":"JasonMsbaby.local","pid":842,"level":20,"msg":"Processed: \u001b[35mlanguages/zh-tw.yml\u001b[39m","time":"2017-03-29T02:52:36.162Z","v":0}
{"name":"hexo","hostname":"JasonMsbaby.local","pid":842,"level":20,"msg":"Processed: \u001b[35msource/js/src/bootstrap.js\u001b[39m","time":"2017-03-29T02:52:36.222Z","v":0}
{"name":"hexo","hostname":"JasonMsbaby.local","pid":842,"level":20,"msg":"Processed: \u001b[35msource/js/src/algolia-search.js\u001b[39m","time":"2017-03-29T02:52:36.223Z","v":0}
{"name":"hexo","hostname":"JasonMsbaby.local","pid":842,"level":20,"msg":"Processed: \u001b[35msource/js/src/affix.js\u001b[39m","time":"2017-03-29T02:52:36.223Z","v":0}
{"name":"hexo","hostname":"JasonMsbaby.local","pid":842,"level":20,"msg":"Processed: \u001b[35msource/js/src/hook-duoshuo.js\u001b[39m","time":"2017-03-29T02:52:36.223Z","v":0}
{"name":"hexo","hostname":"JasonMsbaby.local","pid":842,"level":20,"msg":"Processed: \u001b[35msource/js/src/post-details.js\u001b[39m","time":"2017-03-29T02:52:36.224Z","v":0}
{"name":"hexo","hostname":"JasonMsbaby.local","pid":842,"level":20,"msg":"Processed: \u001b[35msource/js/src/utils.js\u001b[39m","time":"2017-03-29T02:52:36.224Z","v":0}
{"name":"hexo","hostname":"JasonMsbaby.local","pid":842,"level":20,"msg":"Processed: \u001b[35msource/js/src/exturl.js\u001b[39m","time":"2017-03-29T02:52:36.224Z","v":0}
{"name":"hexo","hostname":"JasonMsbaby.local","pid":842,"level":20,"msg":"Processed: \u001b[35msource/js/src/motion.js\u001b[39m","time":"2017-03-29T02:52:36.224Z","v":0}
{"name":"hexo","hostname":"JasonMsbaby.local","pid":842,"level":20,"msg":"Processed: \u001b[35msource/lib/algolia-instant-search/instantsearch.min.css\u001b[39m","time":"2017-03-29T02:52:36.225Z","v":0}
{"name":"hexo","hostname":"JasonMsbaby.local","pid":842,"level":20,"msg":"Processed: \u001b[35msource/lib/canvas-nest/canvas-nest.min.js\u001b[39m","time":"2017-03-29T02:52:36.226Z","v":0}
{"name":"hexo","hostname":"JasonMsbaby.local","pid":842,"level":20,"msg":"Processed: \u001b[35msource/js/src/scrollspy.js\u001b[39m","time":"2017-03-29T02:52:36.226Z","v":0}
{"name":"hexo","hostname":"JasonMsbaby.local","pid":842,"level":20,"msg":"Processed: \u001b[35msource/lib/fastclick/LICENSE\u001b[39m","time":"2017-03-29T02:52:36.227Z","v":0}
{"name":"hexo","hostname":"JasonMsbaby.local","pid":842,"level":20,"msg":"Processed: \u001b[35msource/lib/fastclick/README.md\u001b[39m","time":"2017-03-29T02:52:36.227Z","v":0}
{"name":"hexo","hostname":"JasonMsbaby.local","pid":842,"level":20,"msg":"Processed: \u001b[35msource/lib/fastclick/bower.json\u001b[39m","time":"2017-03-29T02:52:36.228Z","v":0}
{"name":"hexo","hostname":"JasonMsbaby.local","pid":842,"level":20,"msg":"Processed: \u001b[35msource/lib/font-awesome/HELP-US-OUT.txt\u001b[39m","time":"2017-03-29T02:52:36.229Z","v":0}
{"name":"hexo","hostname":"JasonMsbaby.local","pid":842,"level":20,"msg":"Processed: \u001b[35msource/lib/font-awesome/bower.json\u001b[39m","time":"2017-03-29T02:52:36.229Z","v":0}
{"name":"hexo","hostname":"JasonMsbaby.local","pid":842,"level":20,"msg":"Processed: \u001b[35msource/lib/jquery_lazyload/README.md\u001b[39m","time":"2017-03-29T02:52:36.230Z","v":0}
{"name":"hexo","hostname":"JasonMsbaby.local","pid":842,"level":20,"msg":"Processed: \u001b[35msource/lib/jquery_lazyload/CONTRIBUTING.md\u001b[39m","time":"2017-03-29T02:52:36.230Z","v":0}
{"name":"hexo","hostname":"JasonMsbaby.local","pid":842,"level":20,"msg":"Processed: \u001b[35msource/lib/jquery_lazyload/bower.json\u001b[39m","time":"2017-03-29T02:52:36.230Z","v":0}
{"name":"hexo","hostname":"JasonMsbaby.local","pid":842,"level":20,"msg":"Processed: \u001b[35msource/lib/jquery_lazyload/jquery.scrollstop.js\u001b[39m","time":"2017-03-29T02:52:36.232Z","v":0}
{"name":"hexo","hostname":"JasonMsbaby.local","pid":842,"level":20,"msg":"Processed: \u001b[35msource/lib/jquery_lazyload/jquery.lazyload.js\u001b[39m","time":"2017-03-29T02:52:36.233Z","v":0}
{"name":"hexo","hostname":"JasonMsbaby.local","pid":842,"level":20,"msg":"Processed: \u001b[35msource/lib/three/three-waves.min.js\u001b[39m","time":"2017-03-29T02:52:36.233Z","v":0}
{"name":"hexo","hostname":"JasonMsbaby.local","pid":842,"level":20,"msg":"Processed: \u001b[35msource/lib/velocity/bower.json\u001b[39m","time":"2017-03-29T02:52:36.234Z","v":0}
{"name":"hexo","hostname":"JasonMsbaby.local","pid":842,"level":20,"msg":"Processed: \u001b[35msource/lib/velocity/velocity.ui.min.js\u001b[39m","time":"2017-03-29T02:52:36.235Z","v":0}
{"name":"hexo","hostname":"JasonMsbaby.local","pid":842,"level":20,"msg":"Processed: \u001b[35msource/lib/velocity/velocity.min.js\u001b[39m","time":"2017-03-29T02:52:36.235Z","v":0}
{"name":"hexo","hostname":"JasonMsbaby.local","pid":842,"level":20,"msg":"Processed: \u001b[35msource/lib/velocity/velocity.ui.js\u001b[39m","time":"2017-03-29T02:52:36.235Z","v":0}
{"name":"hexo","hostname":"JasonMsbaby.local","pid":842,"level":20,"msg":"Processed: \u001b[35mlayout/_custom/sidebar.swig\u001b[39m","time":"2017-03-29T02:52:36.290Z","v":0}
{"name":"hexo","hostname":"JasonMsbaby.local","pid":842,"level":20,"msg":"Processed: \u001b[35mlayout/_custom/header.swig\u001b[39m","time":"2017-03-29T02:52:36.290Z","v":0}
{"name":"hexo","hostname":"JasonMsbaby.local","pid":842,"level":20,"msg":"Processed: \u001b[35mlayout/_macro/post-copyright.swig\u001b[39m","time":"2017-03-29T02:52:36.290Z","v":0}
{"name":"hexo","hostname":"JasonMsbaby.local","pid":842,"level":20,"msg":"Processed: \u001b[35mlayout/_macro/post-collapse.swig\u001b[39m","time":"2017-03-29T02:52:36.290Z","v":0}
{"name":"hexo","hostname":"JasonMsbaby.local","pid":842,"level":20,"msg":"Processed: \u001b[35mlayout/_macro/reward.swig\u001b[39m","time":"2017-03-29T02:52:36.291Z","v":0}
{"name":"hexo","hostname":"JasonMsbaby.local","pid":842,"level":20,"msg":"Processed: \u001b[35mlayout/_macro/wechat-subscriber.swig\u001b[39m","time":"2017-03-29T02:52:36.291Z","v":0}
{"name":"hexo","hostname":"JasonMsbaby.local","pid":842,"level":20,"msg":"Processed: \u001b[35mlayout/_macro/sidebar.swig\u001b[39m","time":"2017-03-29T02:52:36.291Z","v":0}
{"name":"hexo","hostname":"JasonMsbaby.local","pid":842,"level":20,"msg":"Processed: \u001b[35mlayout/_macro/post.swig\u001b[39m","time":"2017-03-29T02:52:36.291Z","v":0}
{"name":"hexo","hostname":"JasonMsbaby.local","pid":842,"level":20,"msg":"Processed: \u001b[35mlayout/_partials/comments.swig\u001b[39m","time":"2017-03-29T02:52:36.291Z","v":0}
{"name":"hexo","hostname":"JasonMsbaby.local","pid":842,"level":20,"msg":"Processed: \u001b[35mlayout/_partials/footer.swig\u001b[39m","time":"2017-03-29T02:52:36.291Z","v":0}
{"name":"hexo","hostname":"JasonMsbaby.local","pid":842,"level":20,"msg":"Processed: \u001b[35mlayout/_partials/head.swig\u001b[39m","time":"2017-03-29T02:52:36.291Z","v":0}
{"name":"hexo","hostname":"JasonMsbaby.local","pid":842,"level":20,"msg":"Processed: \u001b[35mlayout/_partials/header.swig\u001b[39m","time":"2017-03-29T02:52:36.291Z","v":0}
{"name":"hexo","hostname":"JasonMsbaby.local","pid":842,"level":20,"msg":"Processed: \u001b[35mlayout/_partials/page-header.swig\u001b[39m","time":"2017-03-29T02:52:36.291Z","v":0}
{"name":"hexo","hostname":"JasonMsbaby.local","pid":842,"level":20,"msg":"Processed: \u001b[35mlayout/_partials/pagination.swig\u001b[39m","time":"2017-03-29T02:52:36.291Z","v":0}
{"name":"hexo","hostname":"JasonMsbaby.local","pid":842,"level":20,"msg":"Processed: \u001b[35mlayout/_partials/search.swig\u001b[39m","time":"2017-03-29T02:52:36.291Z","v":0}
{"name":"hexo","hostname":"JasonMsbaby.local","pid":842,"level":20,"msg":"Processed: \u001b[35mlayout/_scripts/commons.swig\u001b[39m","time":"2017-03-29T02:52:36.291Z","v":0}
{"name":"hexo","hostname":"JasonMsbaby.local","pid":842,"level":20,"msg":"Processed: \u001b[35mlayout/_scripts/boostrap.swig\u001b[39m","time":"2017-03-29T02:52:36.291Z","v":0}
{"name":"hexo","hostname":"JasonMsbaby.local","pid":842,"level":20,"msg":"Processed: \u001b[35mlayout/_scripts/vendors.swig\u001b[39m","time":"2017-03-29T02:52:36.292Z","v":0}
{"name":"hexo","hostname":"JasonMsbaby.local","pid":842,"level":20,"msg":"Processed: \u001b[35mlayout/_third-party/duoshuo-hot-articles.swig\u001b[39m","time":"2017-03-29T02:52:36.292Z","v":0}
{"name":"hexo","hostname":"JasonMsbaby.local","pid":842,"level":20,"msg":"Processed: \u001b[35mlayout/_third-party/exturl.swig\u001b[39m","time":"2017-03-29T02:52:36.292Z","v":0}
{"name":"hexo","hostname":"JasonMsbaby.local","pid":842,"level":20,"msg":"Processed: \u001b[35mlayout/_third-party/mathjax.swig\u001b[39m","time":"2017-03-29T02:52:36.292Z","v":0}
{"name":"hexo","hostname":"JasonMsbaby.local","pid":842,"level":20,"msg":"Processed: \u001b[35mlayout/_third-party/schedule.swig\u001b[39m","time":"2017-03-29T02:52:36.292Z","v":0}
{"name":"hexo","hostname":"JasonMsbaby.local","pid":842,"level":20,"msg":"Processed: \u001b[35msource/lib/jquery/index.js\u001b[39m","time":"2017-03-29T02:52:36.292Z","v":0}
{"name":"hexo","hostname":"JasonMsbaby.local","pid":842,"level":20,"msg":"Processed: \u001b[35mlayout/_scripts/schemes/mist.swig\u001b[39m","time":"2017-03-29T02:52:36.300Z","v":0}
{"name":"hexo","hostname":"JasonMsbaby.local","pid":842,"level":20,"msg":"Processed: \u001b[35mlayout/_scripts/schemes/muse.swig\u001b[39m","time":"2017-03-29T02:52:36.301Z","v":0}
{"name":"hexo","hostname":"JasonMsbaby.local","pid":842,"level":20,"msg":"Processed: \u001b[35msource/js/src/schemes/pisces.js\u001b[39m","time":"2017-03-29T02:52:36.301Z","v":0}
{"name":"hexo","hostname":"JasonMsbaby.local","pid":842,"level":20,"msg":"Processed: \u001b[35msource/lib/fancybox/source/fancybox_loading.gif\u001b[39m","time":"2017-03-29T02:52:36.302Z","v":0}
{"name":"hexo","hostname":"JasonMsbaby.local","pid":842,"level":20,"msg":"Processed: \u001b[35msource/lib/fancybox/source/blank.gif\u001b[39m","time":"2017-03-29T02:52:36.302Z","v":0}
{"name":"hexo","hostname":"JasonMsbaby.local","pid":842,"level":20,"msg":"Processed: \u001b[35msource/lib/fancybox/source/fancybox_loading@2x.gif\u001b[39m","time":"2017-03-29T02:52:36.302Z","v":0}
{"name":"hexo","hostname":"JasonMsbaby.local","pid":842,"level":20,"msg":"Processed: \u001b[35msource/lib/fancybox/source/fancybox_overlay.png\u001b[39m","time":"2017-03-29T02:52:36.303Z","v":0}
{"name":"hexo","hostname":"JasonMsbaby.local","pid":842,"level":20,"msg":"Processed: \u001b[35msource/lib/fancybox/source/jquery.fancybox.css\u001b[39m","time":"2017-03-29T02:52:36.304Z","v":0}
{"name":"hexo","hostname":"JasonMsbaby.local","pid":842,"level":20,"msg":"Processed: \u001b[35msource/lib/fancybox/source/fancybox_sprite@2x.png\u001b[39m","time":"2017-03-29T02:52:36.304Z","v":0}
{"name":"hexo","hostname":"JasonMsbaby.local","pid":842,"level":20,"msg":"Processed: \u001b[35msource/lib/fancybox/source/fancybox_sprite.png\u001b[39m","time":"2017-03-29T02:52:36.304Z","v":0}
{"name":"hexo","hostname":"JasonMsbaby.local","pid":842,"level":20,"msg":"Processed: \u001b[35msource/lib/fancybox/source/jquery.fancybox.pack.js\u001b[39m","time":"2017-03-29T02:52:36.304Z","v":0}
{"name":"hexo","hostname":"JasonMsbaby.local","pid":842,"level":20,"msg":"Processed: \u001b[35msource/lib/fastclick/lib/fastclick.min.js\u001b[39m","time":"2017-03-29T02:52:36.305Z","v":0}
{"name":"hexo","hostname":"JasonMsbaby.local","pid":842,"level":20,"msg":"Processed: \u001b[35msource/lib/fancybox/source/jquery.fancybox.js\u001b[39m","time":"2017-03-29T02:52:36.306Z","v":0}
{"name":"hexo","hostname":"JasonMsbaby.local","pid":842,"level":20,"msg":"Processed: \u001b[35msource/lib/fastclick/lib/fastclick.js\u001b[39m","time":"2017-03-29T02:52:36.306Z","v":0}
{"name":"hexo","hostname":"JasonMsbaby.local","pid":842,"level":20,"msg":"Processed: \u001b[35msource/lib/font-awesome/css/font-awesome.css\u001b[39m","time":"2017-03-29T02:52:36.307Z","v":0}
{"name":"hexo","hostname":"JasonMsbaby.local","pid":842,"level":20,"msg":"Processed: \u001b[35msource/lib/font-awesome/css/font-awesome.css.map\u001b[39m","time":"2017-03-29T02:52:36.309Z","v":0}
{"name":"hexo","hostname":"JasonMsbaby.local","pid":842,"level":20,"msg":"Processed: \u001b[35msource/lib/font-awesome/css/font-awesome.min.css\u001b[39m","time":"2017-03-29T02:52:36.309Z","v":0}
{"name":"hexo","hostname":"JasonMsbaby.local","pid":842,"level":20,"msg":"Processed: \u001b[35msource/lib/ua-parser-js/dist/ua-parser.pack.js\u001b[39m","time":"2017-03-29T02:52:36.309Z","v":0}
{"name":"hexo","hostname":"JasonMsbaby.local","pid":842,"level":20,"msg":"Processed: \u001b[35msource/lib/ua-parser-js/dist/ua-parser.min.js\u001b[39m","time":"2017-03-29T02:52:36.310Z","v":0}
{"name":"hexo","hostname":"JasonMsbaby.local","pid":842,"level":20,"msg":"Processed: \u001b[35mlayout/_partials/head/external-fonts.swig\u001b[39m","time":"2017-03-29T02:52:36.351Z","v":0}
{"name":"hexo","hostname":"JasonMsbaby.local","pid":842,"level":20,"msg":"Processed: \u001b[35mlayout/_partials/head/custom-head.swig\u001b[39m","time":"2017-03-29T02:52:36.351Z","v":0}
{"name":"hexo","hostname":"JasonMsbaby.local","pid":842,"level":20,"msg":"Processed: \u001b[35mlayout/_partials/search/swiftype.swig\u001b[39m","time":"2017-03-29T02:52:36.351Z","v":0}
{"name":"hexo","hostname":"JasonMsbaby.local","pid":842,"level":20,"msg":"Processed: \u001b[35mlayout/_partials/search/localsearch.swig\u001b[39m","time":"2017-03-29T02:52:36.352Z","v":0}
{"name":"hexo","hostname":"JasonMsbaby.local","pid":842,"level":20,"msg":"Processed: \u001b[35mlayout/_partials/search/tinysou.swig\u001b[39m","time":"2017-03-29T02:52:36.352Z","v":0}
{"name":"hexo","hostname":"JasonMsbaby.local","pid":842,"level":20,"msg":"Processed: \u001b[35mlayout/_partials/share/add-this.swig\u001b[39m","time":"2017-03-29T02:52:36.352Z","v":0}
{"name":"hexo","hostname":"JasonMsbaby.local","pid":842,"level":20,"msg":"Processed: \u001b[35mlayout/_partials/share/baidushare.swig\u001b[39m","time":"2017-03-29T02:52:36.352Z","v":0}
{"name":"hexo","hostname":"JasonMsbaby.local","pid":842,"level":20,"msg":"Processed: \u001b[35mlayout/_partials/share/duoshuo_share.swig\u001b[39m","time":"2017-03-29T02:52:36.352Z","v":0}
{"name":"hexo","hostname":"JasonMsbaby.local","pid":842,"level":20,"msg":"Processed: \u001b[35mlayout/_partials/share/jiathis.swig\u001b[39m","time":"2017-03-29T02:52:36.352Z","v":0}
{"name":"hexo","hostname":"JasonMsbaby.local","pid":842,"level":20,"msg":"Processed: \u001b[35mlayout/_scripts/pages/post-details.swig\u001b[39m","time":"2017-03-29T02:52:36.352Z","v":0}
{"name":"hexo","hostname":"JasonMsbaby.local","pid":842,"level":20,"msg":"Processed: \u001b[35mlayout/_scripts/schemes/pisces.swig\u001b[39m","time":"2017-03-29T02:52:36.352Z","v":0}
{"name":"hexo","hostname":"JasonMsbaby.local","pid":842,"level":20,"msg":"Processed: \u001b[35mlayout/_third-party/analytics/application-insights.swig\u001b[39m","time":"2017-03-29T02:52:36.352Z","v":0}
{"name":"hexo","hostname":"JasonMsbaby.local","pid":842,"level":20,"msg":"Processed: \u001b[35mlayout/_third-party/analytics/baidu-analytics.swig\u001b[39m","time":"2017-03-29T02:52:36.352Z","v":0}
{"name":"hexo","hostname":"JasonMsbaby.local","pid":842,"level":20,"msg":"Processed: \u001b[35mlayout/_third-party/analytics/busuanzi-counter.swig\u001b[39m","time":"2017-03-29T02:52:36.353Z","v":0}
{"name":"hexo","hostname":"JasonMsbaby.local","pid":842,"level":20,"msg":"Processed: \u001b[35mlayout/_third-party/analytics/facebook-sdk.swig\u001b[39m","time":"2017-03-29T02:52:36.353Z","v":0}
{"name":"hexo","hostname":"JasonMsbaby.local","pid":842,"level":20,"msg":"Processed: \u001b[35mlayout/_third-party/analytics/cnzz-analytics.swig\u001b[39m","time":"2017-03-29T02:52:36.353Z","v":0}
{"name":"hexo","hostname":"JasonMsbaby.local","pid":842,"level":20,"msg":"Processed: \u001b[35mlayout/_third-party/analytics/google-analytics.swig\u001b[39m","time":"2017-03-29T02:52:36.353Z","v":0}
{"name":"hexo","hostname":"JasonMsbaby.local","pid":842,"level":20,"msg":"Processed: \u001b[35mlayout/_third-party/analytics/index.swig\u001b[39m","time":"2017-03-29T02:52:36.353Z","v":0}
{"name":"hexo","hostname":"JasonMsbaby.local","pid":842,"level":20,"msg":"Processed: \u001b[35mlayout/_third-party/analytics/lean-analytics.swig\u001b[39m","time":"2017-03-29T02:52:36.353Z","v":0}
{"name":"hexo","hostname":"JasonMsbaby.local","pid":842,"level":20,"msg":"Processed: \u001b[35mlayout/_third-party/analytics/tencent-analytics.swig\u001b[39m","time":"2017-03-29T02:52:36.353Z","v":0}
{"name":"hexo","hostname":"JasonMsbaby.local","pid":842,"level":20,"msg":"Processed: \u001b[35mlayout/_third-party/analytics/vkontakte-api.swig\u001b[39m","time":"2017-03-29T02:52:36.353Z","v":0}
{"name":"hexo","hostname":"JasonMsbaby.local","pid":842,"level":20,"msg":"Processed: \u001b[35mlayout/_third-party/analytics/tencent-mta.swig\u001b[39m","time":"2017-03-29T02:52:36.353Z","v":0}
{"name":"hexo","hostname":"JasonMsbaby.local","pid":842,"level":20,"msg":"Processed: \u001b[35mlayout/_third-party/comments/changyan.swig\u001b[39m","time":"2017-03-29T02:52:36.353Z","v":0}
{"name":"hexo","hostname":"JasonMsbaby.local","pid":842,"level":20,"msg":"Processed: \u001b[35mlayout/_third-party/comments/disqus.swig\u001b[39m","time":"2017-03-29T02:52:36.353Z","v":0}
{"name":"hexo","hostname":"JasonMsbaby.local","pid":842,"level":20,"msg":"Processed: \u001b[35mlayout/_third-party/comments/gentie.swig\u001b[39m","time":"2017-03-29T02:52:36.353Z","v":0}
{"name":"hexo","hostname":"JasonMsbaby.local","pid":842,"level":20,"msg":"Processed: \u001b[35mlayout/_third-party/comments/hypercomments.swig\u001b[39m","time":"2017-03-29T02:52:36.353Z","v":0}
{"name":"hexo","hostname":"JasonMsbaby.local","pid":842,"level":20,"msg":"Processed: \u001b[35mlayout/_third-party/comments/duoshuo.swig\u001b[39m","time":"2017-03-29T02:52:36.354Z","v":0}
{"name":"hexo","hostname":"JasonMsbaby.local","pid":842,"level":20,"msg":"Processed: \u001b[35mlayout/_third-party/comments/index.swig\u001b[39m","time":"2017-03-29T02:52:36.354Z","v":0}
{"name":"hexo","hostname":"JasonMsbaby.local","pid":842,"level":20,"msg":"Processed: \u001b[35mlayout/_third-party/comments/youyan.swig\u001b[39m","time":"2017-03-29T02:52:36.354Z","v":0}
{"name":"hexo","hostname":"JasonMsbaby.local","pid":842,"level":20,"msg":"Processed: \u001b[35mlayout/_third-party/comments/livere.swig\u001b[39m","time":"2017-03-29T02:52:36.354Z","v":0}
{"name":"hexo","hostname":"JasonMsbaby.local","pid":842,"level":20,"msg":"Processed: \u001b[35mlayout/_third-party/search/index.swig\u001b[39m","time":"2017-03-29T02:52:36.354Z","v":0}
{"name":"hexo","hostname":"JasonMsbaby.local","pid":842,"level":20,"msg":"Processed: \u001b[35mlayout/_third-party/search/localsearch.swig\u001b[39m","time":"2017-03-29T02:52:36.354Z","v":0}
{"name":"hexo","hostname":"JasonMsbaby.local","pid":842,"level":20,"msg":"Processed: \u001b[35mlayout/_third-party/search/tinysou.swig\u001b[39m","time":"2017-03-29T02:52:36.354Z","v":0}
{"name":"hexo","hostname":"JasonMsbaby.local","pid":842,"level":20,"msg":"Processed: \u001b[35mlayout/_third-party/seo/baidu-push.swig\u001b[39m","time":"2017-03-29T02:52:36.354Z","v":0}
{"name":"hexo","hostname":"JasonMsbaby.local","pid":842,"level":20,"msg":"Processed: \u001b[35msource/lib/font-awesome/fonts/fontawesome-webfont.woff2\u001b[39m","time":"2017-03-29T02:52:36.356Z","v":0}
{"name":"hexo","hostname":"JasonMsbaby.local","pid":842,"level":20,"msg":"Processed: \u001b[35msource/lib/velocity/velocity.js\u001b[39m","time":"2017-03-29T02:52:36.357Z","v":0}
{"name":"hexo","hostname":"JasonMsbaby.local","pid":842,"level":20,"msg":"Processed: \u001b[35msource/lib/font-awesome/fonts/fontawesome-webfont.woff\u001b[39m","time":"2017-03-29T02:52:36.358Z","v":0}
{"name":"hexo","hostname":"JasonMsbaby.local","pid":842,"level":20,"msg":"Processed: \u001b[35msource/lib/fancybox/source/helpers/fancybox_buttons.png\u001b[39m","time":"2017-03-29T02:52:36.365Z","v":0}
{"name":"hexo","hostname":"JasonMsbaby.local","pid":842,"level":20,"msg":"Processed: \u001b[35msource/lib/fancybox/source/helpers/jquery.fancybox-buttons.js\u001b[39m","time":"2017-03-29T02:52:36.366Z","v":0}
{"name":"hexo","hostname":"JasonMsbaby.local","pid":842,"level":20,"msg":"Processed: \u001b[35msource/lib/fancybox/source/helpers/jquery.fancybox-media.js\u001b[39m","time":"2017-03-29T02:52:36.366Z","v":0}
{"name":"hexo","hostname":"JasonMsbaby.local","pid":842,"level":20,"msg":"Processed: \u001b[35msource/lib/fancybox/source/helpers/jquery.fancybox-thumbs.css\u001b[39m","time":"2017-03-29T02:52:36.367Z","v":0}
{"name":"hexo","hostname":"JasonMsbaby.local","pid":842,"level":20,"msg":"Processed: \u001b[35msource/lib/fancybox/source/helpers/jquery.fancybox-buttons.css\u001b[39m","time":"2017-03-29T02:52:36.367Z","v":0}
{"name":"hexo","hostname":"JasonMsbaby.local","pid":842,"level":20,"msg":"Processed: \u001b[35msource/lib/fancybox/source/helpers/jquery.fancybox-thumbs.js\u001b[39m","time":"2017-03-29T02:52:36.367Z","v":0}
{"name":"hexo","hostname":"JasonMsbaby.local","pid":842,"level":20,"msg":"Processed: \u001b[35msource/lib/font-awesome/fonts/fontawesome-webfont.eot\u001b[39m","time":"2017-03-29T02:52:36.367Z","v":0}
{"name":"hexo","hostname":"JasonMsbaby.local","pid":842,"level":20,"msg":"Processed: \u001b[35msource/lib/font-awesome/fonts/fontawesome-webfont.ttf\u001b[39m","time":"2017-03-29T02:52:36.368Z","v":0}
{"name":"hexo","hostname":"JasonMsbaby.local","pid":842,"level":20,"msg":"Processed: \u001b[35msource/lib/font-awesome/fonts/FontAwesome.otf\u001b[39m","time":"2017-03-29T02:52:36.368Z","v":0}
{"name":"hexo","hostname":"JasonMsbaby.local","pid":842,"level":20,"msg":"Processed: \u001b[35mlayout/_third-party/search/algolia-search/dom.swig\u001b[39m","time":"2017-03-29T02:52:36.370Z","v":0}
{"name":"hexo","hostname":"JasonMsbaby.local","pid":842,"level":20,"msg":"Processed: \u001b[35mlayout/_third-party/search/algolia-search/assets.swig\u001b[39m","time":"2017-03-29T02:52:36.370Z","v":0}
{"name":"hexo","hostname":"JasonMsbaby.local","pid":842,"level":20,"msg":"Processed: \u001b[35msource/lib/algolia-instant-search/instantsearch.min.js\u001b[39m","time":"2017-03-29T02:52:36.371Z","v":0}
{"name":"hexo","hostname":"JasonMsbaby.local","pid":842,"level":20,"msg":"Processed: \u001b[35msource/lib/three/three.min.js\u001b[39m","time":"2017-03-29T02:52:36.372Z","v":0}
{"name":"hexo","hostname":"JasonMsbaby.local","pid":842,"level":20,"msg":"Processed: \u001b[35msource/lib/font-awesome/fonts/fontawesome-webfont.svg\u001b[39m","time":"2017-03-29T02:52:36.373Z","v":0}
{"name":"hexo","hostname":"JasonMsbaby.local","pid":842,"level":20,"msg":"Generator: \u001b[35mpage\u001b[39m","time":"2017-03-29T02:52:36.575Z","v":0}
{"name":"hexo","hostname":"JasonMsbaby.local","pid":842,"level":20,"msg":"Generator: \u001b[35mpost\u001b[39m","time":"2017-03-29T02:52:36.576Z","v":0}
{"name":"hexo","hostname":"JasonMsbaby.local","pid":842,"level":20,"msg":"Generator: \u001b[35marchive\u001b[39m","time":"2017-03-29T02:52:36.576Z","v":0}
{"name":"hexo","hostname":"JasonMsbaby.local","pid":842,"level":20,"msg":"Generator: \u001b[35mcategory\u001b[39m","time":"2017-03-29T02:52:36.576Z","v":0}
{"name":"hexo","hostname":"JasonMsbaby.local","pid":842,"level":20,"msg":"Generator: \u001b[35mindex\u001b[39m","time":"2017-03-29T02:52:36.576Z","v":0}
{"name":"hexo","hostname":"JasonMsbaby.local","pid":842,"level":20,"msg":"Generator: \u001b[35mtag\u001b[39m","time":"2017-03-29T02:52:36.576Z","v":0}
{"name":"hexo","hostname":"JasonMsbaby.local","pid":842,"level":20,"msg":"Generator: \u001b[35masset\u001b[39m","time":"2017-03-29T02:52:36.577Z","v":0}
{"name":"hexo","hostname":"JasonMsbaby.local","pid":842,"level":30,"msg":"Hexo is running at \u001b[4mhttp://localhost:4000/\u001b[24m. Press Ctrl+C to stop.","time":"2017-03-29T02:52:36.582Z","v":0}
{"name":"hexo","hostname":"JasonMsbaby.local","pid":842,"level":20,"msg":"Database saved","time":"2017-03-29T02:52:36.592Z","v":0}
{"name":"hexo","hostname":"JasonMsbaby.local","pid":842,"level":20,"msg":"Rendering index: \u001b[35mindex.html\u001b[39m","time":"2017-03-29T02:53:00.851Z","v":0}
{"name":"hexo","hostname":"JasonMsbaby.local","pid":842,"level":30,"msg":"Good bye","time":"2017-03-29T02:54:54.006Z","v":0}
{"name":"hexo","hostname":"JasonMsbaby.local","pid":842,"level":20,"msg":"Database saved","time":"2017-03-29T02:54:54.050Z","v":0}
